<?xml version="1.0" encoding="UTF-8"?>
<testsuites>
  <testsuite name="CodeIgniter Application Test Suite" tests="1" assertions="1" failures="0" errors="0" time="0.011001">
    <testsuite name="Welcome_test" file="C:\xampp\htdocs\careaxiom\application\tests\controllers\Welcome_test.php" fullPackage="Welcome" tests="1" assertions="1" failures="0" errors="0" time="0.011001">
      <testcase name="testGetAirport" class="Welcome_test" file="C:\xampp\htdocs\careaxiom\application\tests\controllers\Welcome_test.php" line="20" assertions="1" time="0.011001"/>
    </testsuite>
  </testsuite>
</testsuites>
